<?xml version="1.0" encoding="UTF-8"?>
<!-- Generated by org.testng.reporters.JUnitReportReporter -->
<testsuite hostname="DESKTOP-M2BBUEH" failures="0" tests="2" name="day2.DiffrentWaysToCreatePostRequest" time="1.507" errors="0" timestamp="2024-05-20T19:27:12 IST" skipped="0">
  <testcase classname="day2.DiffrentWaysToCreatePostRequest" name="testPostUsingExternalFile" time="1.481"/>
  <testcase classname="day2.DiffrentWaysToCreatePostRequest" name="deleteUser4" time="0.026"/>
</testsuite> <!-- day2.DiffrentWaysToCreatePostRequest -->
