<?xml version="1.0" encoding="UTF-8"?>
<!-- Generated by org.testng.reporters.JUnitReportReporter -->
<testsuite hostname="DESKTOP-M2BBUEH" failures="0" tests="1" name="day3.CookiesDemo" time="1.476" errors="0" timestamp="2024-05-20T21:20:00 IST" skipped="0">
  <testcase classname="day3.CookiesDemo" name="getCookiesInfo" time="1.476"/>
</testsuite> <!-- day3.CookiesDemo -->
