<?xml version="1.0" encoding="UTF-8"?>
<!-- Generated by org.testng.reporters.JUnitReportReporter -->
<testsuite hostname="DESKTOP-M2BBUEH" failures="0" tests="1" name="day3.PathAndQueryParameters" time="1.727" errors="0" timestamp="2024-05-20T20:07:16 IST" skipped="0">
  <testcase classname="day3.PathAndQueryParameters" name="testQueryAndPathParameters" time="1.727"/>
</testsuite> <!-- day3.PathAndQueryParameters -->
