<?xml version="1.0" encoding="UTF-8"?>
<!-- Generated by org.testng.reporters.JUnitReportReporter -->
<testsuite hostname="DESKTOP-M2BBUEH" failures="0" tests="2" name="day3.HeadersDemo" time="2.038" errors="0" timestamp="2024-05-20T21:44:40 IST" skipped="0">
  <testcase classname="day3.HeadersDemo" name="testHeaders" time="1.828"/>
  <testcase classname="day3.HeadersDemo" name="getHeaders" time="0.210"/>
</testsuite> <!-- day3.HeadersDemo -->
