<?xml version="1.0" encoding="UTF-8"?>
<!-- Generated by org.testng.reporters.JUnitReportReporter -->
<testsuite hostname="DESKTOP-M2BBUEH" failures="0" tests="3" name="day1.httpRequest" time="2.967" errors="0" timestamp="2024-05-20T02:12:25 IST" skipped="0">
  <testcase classname="day1.httpRequest" name="createUser" time="2.137"/>
  <testcase classname="day1.httpRequest" name="updateUser" time="0.445"/>
  <testcase classname="day1.httpRequest" name="deleteUser" time="0.385"/>
</testsuite> <!-- day1.httpRequest -->
